#
# There is insufficient memory for the Java Runtime Environment to continue.
# Native memory allocation (malloc) failed to allocate 958160 bytes. Error detail: Chunk::new
# Possible reasons:
#   The system is out of physical RAM or swap space
#   This process is running with CompressedOops enabled, and the Java Heap may be blocking the growth of the native heap
# Possible solutions:
#   Reduce memory load on the system
#   Increase physical memory or swap space
#   Check if swap backing store is full
#   Decrease Java heap size (-Xmx/-Xms)
#   Decrease number of Java threads
#   Decrease Java thread stack sizes (-Xss)
#   Set larger code cache with -XX:ReservedCodeCacheSize=
#   JVM is running with Zero Based Compressed Oops mode in which the Java heap is
#     placed in the first 32GB address space. The Java Heap base address is the
#     maximum limit for the native heap growth. Please use -XX:HeapBaseMinAddress
#     to set the Java Heap base and to place the Java Heap above 32GB virtual address.
# This output file may be truncated or incomplete.
#
#  Out of Memory Error (arena.cpp:168), pid=8868, tid=17536
#
# JRE version: OpenJDK Runtime Environment (21.0.5) (build 21.0.5+-13047016-b750.29)
# Java VM: OpenJDK 64-Bit Server VM (21.0.5+-13047016-b750.29, mixed mode, tiered, compressed oops, compressed class ptrs, g1 gc, windows-amd64)
# No core dump will be written. Minidumps are not enabled by default on client versions of Windows
#

---------------  S U M M A R Y ------------

Command Line: org.jetbrains.kotlin.cli.jvm.K2JVMCompiler @C:\Users\jmuni\StudioProjects\app\app\build\20250507_6437360191786362502.compiler.options

Host: Intel(R) Core(TM) i7-8700 CPU @ 3.20GHz, 12 cores, 15G,  Windows 10 , 64 bit Build 19041 (10.0.19041.5678)
Time: Wed May  7 09:36:34 2025 E. South America Standard Time elapsed time: 4.633329 seconds (0d 0h 0m 4s)

---------------  T H R E A D  ---------------

Current thread (0x00000271520906a0):  JavaThread "C2 CompilerThread0" daemon [_thread_in_native, id=17536, stack(0x0000009c09000000,0x0000009c09100000) (1024K)]


Current CompileTask:
C2:4633 9141       4       org.jetbrains.kotlin.fir.java.scopes.JavaClassStaticUseSiteScope::processPropertiesByName (117 bytes)

Stack: [0x0000009c09000000,0x0000009c09100000]
Native frames: (J=compiled Java code, j=interpreted, Vv=VM code, C=native code)
V  [jvm.dll+0x6cfb29]
V  [jvm.dll+0x85df93]
V  [jvm.dll+0x8604ee]
V  [jvm.dll+0x860bd3]
V  [jvm.dll+0x27e6b6]
V  [jvm.dll+0xbff6d]
V  [jvm.dll+0xc04a3]
V  [jvm.dll+0x3b5ffb]
V  [jvm.dll+0x381f97]
V  [jvm.dll+0x38140a]
V  [jvm.dll+0x247c62]
V  [jvm.dll+0x247231]
V  [jvm.dll+0x1c5ee4]
V  [jvm.dll+0x25697c]
V  [jvm.dll+0x254ec6]
V  [jvm.dll+0x3f0ce6]
V  [jvm.dll+0x806368]
V  [jvm.dll+0x6ce3fd]
C  [ucrtbase.dll+0x21bb2]
C  [KERNEL32.DLL+0x17374]
C  [ntdll.dll+0x4cc91]


---------------  P R O C E S S  ---------------

Threads class SMR info:
_java_thread_list=0x0000027152253a60, length=12, elements={
0x000002713170c1a0, 0x000002715204c370, 0x000002715207a680, 0x000002715207b470,
0x0000027152099980, 0x0000027152099fe0, 0x000002715209aa30, 0x00000271520906a0,
0x0000027152091130, 0x000002715223c5e0, 0x0000027152254890, 0x00000271522c7170
}

Java Threads: ( => current thread )
  0x000002713170c1a0 JavaThread "main"                              [_thread_in_Java, id=15432, stack(0x0000009c08200000,0x0000009c08300000) (1024K)]
  0x000002715204c370 JavaThread "Reference Handler"          daemon [_thread_blocked, id=5740, stack(0x0000009c08a00000,0x0000009c08b00000) (1024K)]
  0x000002715207a680 JavaThread "Finalizer"                  daemon [_thread_blocked, id=11100, stack(0x0000009c08b00000,0x0000009c08c00000) (1024K)]
  0x000002715207b470 JavaThread "Signal Dispatcher"          daemon [_thread_blocked, id=2296, stack(0x0000009c08c00000,0x0000009c08d00000) (1024K)]
  0x0000027152099980 JavaThread "Attach Listener"            daemon [_thread_blocked, id=14048, stack(0x0000009c08d00000,0x0000009c08e00000) (1024K)]
  0x0000027152099fe0 JavaThread "Service Thread"             daemon [_thread_blocked, id=13364, stack(0x0000009c08e00000,0x0000009c08f00000) (1024K)]
  0x000002715209aa30 JavaThread "Monitor Deflation Thread"   daemon [_thread_blocked, id=7864, stack(0x0000009c08f00000,0x0000009c09000000) (1024K)]
=>0x00000271520906a0 JavaThread "C2 CompilerThread0"         daemon [_thread_in_native, id=17536, stack(0x0000009c09000000,0x0000009c09100000) (1024K)]
  0x0000027152091130 JavaThread "C1 CompilerThread0"         daemon [_thread_in_native, id=6072, stack(0x0000009c09100000,0x0000009c09200000) (1024K)]
  0x000002715223c5e0 JavaThread "Notification Thread"        daemon [_thread_blocked, id=17592, stack(0x0000009c09200000,0x0000009c09300000) (1024K)]
  0x0000027152254890 JavaThread "Common-Cleaner"             daemon [_thread_blocked, id=14760, stack(0x0000009c09300000,0x0000009c09400000) (1024K)]
  0x00000271522c7170 JavaThread "C2 CompilerThread1"         daemon [_thread_in_native, id=5596, stack(0x0000009c09400000,0x0000009c09500000) (1024K)]
Total: 12

Other Threads:
  0x000002714dd3b2f0 VMThread "VM Thread"                           [id=15736, stack(0x0000009c08900000,0x0000009c08a00000) (1024K)]
  0x000002714dd293d0 WatcherThread "VM Periodic Task Thread"        [id=11192, stack(0x0000009c08800000,0x0000009c08900000) (1024K)]
  0x0000027133ae08f0 WorkerThread "GC Thread#0"                     [id=17188, stack(0x0000009c08300000,0x0000009c08400000) (1024K)]
  0x000002714dd3a0d0 WorkerThread "GC Thread#1"                     [id=15044, stack(0x0000009c09500000,0x0000009c09600000) (1024K)]
  0x000002714dd3af50 WorkerThread "GC Thread#2"                     [id=4004, stack(0x0000009c09600000,0x0000009c09700000) (1024K)]
  0x000002714dd3a470 WorkerThread "GC Thread#3"                     [id=12636, stack(0x0000009c09700000,0x0000009c09800000) (1024K)]
  0x0000027152a3bf40 WorkerThread "GC Thread#4"                     [id=9440, stack(0x0000009c09800000,0x0000009c09900000) (1024K)]
  0x0000027152a3a980 WorkerThread "GC Thread#5"                     [id=17368, stack(0x0000009c09900000,0x0000009c09a00000) (1024K)]
  0x0000027152a3ca20 WorkerThread "GC Thread#6"                     [id=10692, stack(0x0000009c09a00000,0x0000009c09b00000) (1024K)]
  0x0000027152a3a240 WorkerThread "GC Thread#7"                     [id=9280, stack(0x0000009c09b00000,0x0000009c09c00000) (1024K)]
  0x0000027152a3c680 WorkerThread "GC Thread#8"                     [id=5288, stack(0x0000009c09e00000,0x0000009c09f00000) (1024K)]
  0x0000027152a3b800 WorkerThread "GC Thread#9"                     [id=4460, stack(0x0000009c09f00000,0x0000009c0a000000) (1024K)]
  0x0000027133af1940 ConcurrentGCThread "G1 Main Marker"            [id=5620, stack(0x0000009c08400000,0x0000009c08500000) (1024K)]
  0x0000027133af5580 WorkerThread "G1 Conc#0"                       [id=1812, stack(0x0000009c08500000,0x0000009c08600000) (1024K)]
  0x0000027152a39020 WorkerThread "G1 Conc#1"                       [id=17012, stack(0x0000009c09c00000,0x0000009c09d00000) (1024K)]
  0x0000027152a3ad20 WorkerThread "G1 Conc#2"                       [id=2064, stack(0x0000009c09d00000,0x0000009c09e00000) (1024K)]
  0x000002714dbea130 ConcurrentGCThread "G1 Refine#0"               [id=17700, stack(0x0000009c08600000,0x0000009c08700000) (1024K)]
  0x000002714dbea950 ConcurrentGCThread "G1 Service"                [id=15224, stack(0x0000009c08700000,0x0000009c08800000) (1024K)]
Total: 18

Threads with active compile tasks:
C2 CompilerThread0  4648 9141       4       org.jetbrains.kotlin.fir.java.scopes.JavaClassStaticUseSiteScope::processPropertiesByName (117 bytes)
C1 CompilerThread0  4648 9195       3       org.jetbrains.kotlin.fir.java.enhancement.FirSignatureEnhancement::enhance$java (1050 bytes)
C2 CompilerThread1  4648 9170       4       org.jetbrains.kotlin.cli.jvm.index.JvmDependenciesIndexImpl::search (374 bytes)
Total: 3

VM state: not at safepoint (normal execution)

VM Mutex/Monitor currently owned by a thread: None

Heap address: 0x0000000701000000, size: 4080 MB, Compressed Oops mode: Zero based, Oop shift amount: 3

CDS archive(s) not mapped
Compressed class space mapped at: 0x0000000800000000-0x0000000840000000, reserved size: 1073741824
Narrow klass base: 0x0000000800000000, Narrow klass shift: 0, Narrow klass range: 0x40000000

GC Precious Log:
 CardTable entry size: 512
 Card Set container configuration: InlinePtr #cards 4 size 8 Array Of Cards #cards 16 size 48 Howl #buckets 8 coarsen threshold 3686 Howl Bitmap #cards 512 size 80 coarsen threshold 460 Card regions per heap region 1 cards per card region 4096
 CPUs: 12 total, 12 available
 Memory: 16318M
 Large Page Support: Disabled
 NUMA Support: Disabled
 Compressed Oops: Enabled (Zero based)
 Heap Region Size: 2M
 Heap Min Capacity: 8M
 Heap Initial Capacity: 256M
 Heap Max Capacity: 4080M
 Pre-touch: Disabled
 Parallel Workers: 10
 Concurrent Workers: 3
 Concurrent Refinement Workers: 10
 Periodic GC: Disabled

Heap:
 garbage-first heap   total 188416K, used 116736K [0x0000000701000000, 0x0000000800000000)
  region size 2048K, 23 young (47104K), 4 survivors (8192K)
 Metaspace       used 71357K, committed 71744K, reserved 1114112K
  class space    used 7777K, committed 7936K, reserved 1048576K

Heap Regions: E=young(eden), S=young(survivor), O=old, HS=humongous(starts), HC=humongous(continues), CS=collection set, F=free, TAMS=top-at-mark-start, PB=parsable bottom
|   0|0x0000000701000000, 0x0000000701200000, 0x0000000701200000|100%|HS|  |TAMS 0x0000000701000000| PB 0x0000000701000000| Complete 
|   1|0x0000000701200000, 0x0000000701400000, 0x0000000701400000|100%|HC|  |TAMS 0x0000000701200000| PB 0x0000000701200000| Complete 
|   2|0x0000000701400000, 0x0000000701600000, 0x0000000701600000|100%| O|  |TAMS 0x0000000701400000| PB 0x0000000701400000| Untracked 
|   3|0x0000000701600000, 0x0000000701800000, 0x0000000701800000|100%| O|  |TAMS 0x0000000701600000| PB 0x0000000701600000| Untracked 
|   4|0x0000000701800000, 0x0000000701a00000, 0x0000000701a00000|100%| O|  |TAMS 0x0000000701800000| PB 0x0000000701800000| Untracked 
|   5|0x0000000701a00000, 0x0000000701c00000, 0x0000000701c00000|100%| O|  |TAMS 0x0000000701a00000| PB 0x0000000701a00000| Untracked 
|   6|0x0000000701c00000, 0x0000000701e00000, 0x0000000701e00000|100%| O|  |TAMS 0x0000000701c00000| PB 0x0000000701c00000| Untracked 
|   7|0x0000000701e00000, 0x0000000702000000, 0x0000000702000000|100%| O|  |TAMS 0x0000000701e00000| PB 0x0000000701e00000| Untracked 
|   8|0x0000000702000000, 0x0000000702200000, 0x0000000702200000|100%| O|  |TAMS 0x0000000702000000| PB 0x0000000702000000| Untracked 
|   9|0x0000000702200000, 0x0000000702400000, 0x0000000702400000|100%| O|  |TAMS 0x0000000702200000| PB 0x0000000702200000| Untracked 
|  10|0x0000000702400000, 0x0000000702600000, 0x0000000702600000|100%| O|  |TAMS 0x0000000702400000| PB 0x0000000702400000| Untracked 
|  11|0x0000000702600000, 0x0000000702800000, 0x0000000702800000|100%| O|  |TAMS 0x0000000702600000| PB 0x0000000702600000| Untracked 
|  12|0x0000000702800000, 0x0000000702a00000, 0x0000000702a00000|100%| O|  |TAMS 0x0000000702800000| PB 0x0000000702800000| Untracked 
|  13|0x0000000702a00000, 0x0000000702c00000, 0x0000000702c00000|100%| O|  |TAMS 0x0000000702a00000| PB 0x0000000702a00000| Untracked 
|  14|0x0000000702c00000, 0x0000000702e00000, 0x0000000702e00000|100%| O|  |TAMS 0x0000000702c00000| PB 0x0000000702c00000| Untracked 
|  15|0x0000000702e00000, 0x0000000703000000, 0x0000000703000000|100%| O|  |TAMS 0x0000000702e00000| PB 0x0000000702e00000| Untracked 
|  16|0x0000000703000000, 0x0000000703200000, 0x0000000703200000|100%| O|  |TAMS 0x0000000703000000| PB 0x0000000703000000| Untracked 
|  17|0x0000000703200000, 0x0000000703400000, 0x0000000703400000|100%| O|  |TAMS 0x0000000703200000| PB 0x0000000703200000| Untracked 
|  18|0x0000000703400000, 0x0000000703600000, 0x0000000703600000|100%| O|  |TAMS 0x0000000703400000| PB 0x0000000703400000| Untracked 
|  19|0x0000000703600000, 0x0000000703800000, 0x0000000703800000|100%| O|  |TAMS 0x0000000703600000| PB 0x0000000703600000| Untracked 
|  20|0x0000000703800000, 0x0000000703800000, 0x0000000703a00000|  0%| F|  |TAMS 0x0000000703800000| PB 0x0000000703800000| Untracked 
|  21|0x0000000703a00000, 0x0000000703c00000, 0x0000000703c00000|100%| O|  |TAMS 0x0000000703a00000| PB 0x0000000703a00000| Untracked 
|  22|0x0000000703c00000, 0x0000000703e00000, 0x0000000703e00000|100%| O|  |TAMS 0x0000000703c00000| PB 0x0000000703c00000| Untracked 
|  23|0x0000000703e00000, 0x0000000704000000, 0x0000000704000000|100%| O|  |TAMS 0x0000000703e00000| PB 0x0000000703e00000| Untracked 
|  24|0x0000000704000000, 0x0000000704200000, 0x0000000704200000|100%| O|  |TAMS 0x0000000704000000| PB 0x0000000704000000| Untracked 
|  25|0x0000000704200000, 0x0000000704400000, 0x0000000704400000|100%| O|  |TAMS 0x0000000704200000| PB 0x0000000704200000| Untracked 
|  26|0x0000000704400000, 0x0000000704600000, 0x0000000704600000|100%| O|  |TAMS 0x0000000704400000| PB 0x0000000704400000| Untracked 
|  27|0x0000000704600000, 0x0000000704800000, 0x0000000704800000|100%| O|  |TAMS 0x0000000704600000| PB 0x0000000704600000| Untracked 
|  28|0x0000000704800000, 0x0000000704a00000, 0x0000000704a00000|100%| O|  |TAMS 0x0000000704800000| PB 0x0000000704800000| Untracked 
|  29|0x0000000704a00000, 0x0000000704c00000, 0x0000000704c00000|100%| O|  |TAMS 0x0000000704a00000| PB 0x0000000704a00000| Untracked 
|  30|0x0000000704c00000, 0x0000000704e00000, 0x0000000704e00000|100%| O|  |TAMS 0x0000000704c00000| PB 0x0000000704c00000| Untracked 
|  31|0x0000000704e00000, 0x0000000705000000, 0x0000000705000000|100%| O|  |TAMS 0x0000000704e00000| PB 0x0000000704e00000| Untracked 
|  32|0x0000000705000000, 0x0000000705200000, 0x0000000705200000|100%| O|  |TAMS 0x0000000705000000| PB 0x0000000705000000| Untracked 
|  33|0x0000000705200000, 0x0000000705400000, 0x0000000705400000|100%| O|  |TAMS 0x0000000705200000| PB 0x0000000705200000| Untracked 
|  34|0x0000000705400000, 0x0000000705600000, 0x0000000705600000|100%| O|  |TAMS 0x0000000705400000| PB 0x0000000705400000| Untracked 
|  35|0x0000000705600000, 0x0000000705800000, 0x0000000705800000|100%| O|  |TAMS 0x0000000705600000| PB 0x0000000705600000| Untracked 
|  36|0x0000000705800000, 0x0000000705800000, 0x0000000705a00000|  0%| F|  |TAMS 0x0000000705800000| PB 0x0000000705800000| Untracked 
|  37|0x0000000705a00000, 0x0000000705a00000, 0x0000000705c00000|  0%| F|  |TAMS 0x0000000705a00000| PB 0x0000000705a00000| Untracked 
|  38|0x0000000705c00000, 0x0000000705c00000, 0x0000000705e00000|  0%| F|  |TAMS 0x0000000705c00000| PB 0x0000000705c00000| Untracked 
|  39|0x0000000705e00000, 0x0000000705e00000, 0x0000000706000000|  0%| F|  |TAMS 0x0000000705e00000| PB 0x0000000705e00000| Untracked 
|  40|0x0000000706000000, 0x0000000706000000, 0x0000000706200000|  0%| F|  |TAMS 0x0000000706000000| PB 0x0000000706000000| Untracked 
|  41|0x0000000706200000, 0x0000000706200000, 0x0000000706400000|  0%| F|  |TAMS 0x0000000706200000| PB 0x0000000706200000| Untracked 
|  42|0x0000000706400000, 0x0000000706400000, 0x0000000706600000|  0%| F|  |TAMS 0x0000000706400000| PB 0x0000000706400000| Untracked 
|  43|0x0000000706600000, 0x0000000706600000, 0x0000000706800000|  0%| F|  |TAMS 0x0000000706600000| PB 0x0000000706600000| Untracked 
|  44|0x0000000706800000, 0x0000000706800000, 0x0000000706a00000|  0%| F|  |TAMS 0x0000000706800000| PB 0x0000000706800000| Untracked 
|  45|0x0000000706a00000, 0x0000000706a00000, 0x0000000706c00000|  0%| F|  |TAMS 0x0000000706a00000| PB 0x0000000706a00000| Untracked 
|  46|0x0000000706c00000, 0x0000000706e00000, 0x0000000706e00000|100%| S|CS|TAMS 0x0000000706c00000| PB 0x0000000706c00000| Complete 
|  47|0x0000000706e00000, 0x0000000707000000, 0x0000000707000000|100%| S|CS|TAMS 0x0000000706e00000| PB 0x0000000706e00000| Complete 
|  48|0x0000000707000000, 0x0000000707200000, 0x0000000707200000|100%| S|CS|TAMS 0x0000000707000000| PB 0x0000000707000000| Complete 
|  49|0x0000000707200000, 0x0000000707400000, 0x0000000707400000|100%| S|CS|TAMS 0x0000000707200000| PB 0x0000000707200000| Complete 
|  50|0x0000000707400000, 0x0000000707400000, 0x0000000707600000|  0%| F|  |TAMS 0x0000000707400000| PB 0x0000000707400000| Untracked 
|  51|0x0000000707600000, 0x0000000707600000, 0x0000000707800000|  0%| F|  |TAMS 0x0000000707600000| PB 0x0000000707600000| Untracked 
|  52|0x0000000707800000, 0x0000000707800000, 0x0000000707a00000|  0%| F|  |TAMS 0x0000000707800000| PB 0x0000000707800000| Untracked 
|  53|0x0000000707a00000, 0x0000000707a00000, 0x0000000707c00000|  0%| F|  |TAMS 0x0000000707a00000| PB 0x0000000707a00000| Untracked 
|  54|0x0000000707c00000, 0x0000000707c00000, 0x0000000707e00000|  0%| F|  |TAMS 0x0000000707c00000| PB 0x0000000707c00000| Untracked 
|  55|0x0000000707e00000, 0x0000000707e00000, 0x0000000708000000|  0%| F|  |TAMS 0x0000000707e00000| PB 0x0000000707e00000| Untracked 
|  56|0x0000000708000000, 0x0000000708000000, 0x0000000708200000|  0%| F|  |TAMS 0x0000000708000000| PB 0x0000000708000000| Untracked 
|  57|0x0000000708200000, 0x0000000708200000, 0x0000000708400000|  0%| F|  |TAMS 0x0000000708200000| PB 0x0000000708200000| Untracked 
|  58|0x0000000708400000, 0x0000000708400000, 0x0000000708600000|  0%| F|  |TAMS 0x0000000708400000| PB 0x0000000708400000| Untracked 
|  59|0x0000000708600000, 0x0000000708600000, 0x0000000708800000|  0%| F|  |TAMS 0x0000000708600000| PB 0x0000000708600000| Untracked 
|  60|0x0000000708800000, 0x0000000708800000, 0x0000000708a00000|  0%| F|  |TAMS 0x0000000708800000| PB 0x0000000708800000| Untracked 
|  61|0x0000000708a00000, 0x0000000708a00000, 0x0000000708c00000|  0%| F|  |TAMS 0x0000000708a00000| PB 0x0000000708a00000| Untracked 
|  62|0x0000000708c00000, 0x0000000708c00000, 0x0000000708e00000|  0%| F|  |TAMS 0x0000000708c00000| PB 0x0000000708c00000| Untracked 
|  63|0x0000000708e00000, 0x0000000708e00000, 0x0000000709000000|  0%| F|  |TAMS 0x0000000708e00000| PB 0x0000000708e00000| Untracked 
|  64|0x0000000709000000, 0x0000000709000000, 0x0000000709200000|  0%| F|  |TAMS 0x0000000709000000| PB 0x0000000709000000| Untracked 
|  65|0x0000000709200000, 0x0000000709200000, 0x0000000709400000|  0%| F|  |TAMS 0x0000000709200000| PB 0x0000000709200000| Untracked 
|  66|0x0000000709400000, 0x0000000709400000, 0x0000000709600000|  0%| F|  |TAMS 0x0000000709400000| PB 0x0000000709400000| Untracked 
|  67|0x0000000709600000, 0x0000000709600000, 0x0000000709800000|  0%| F|  |TAMS 0x0000000709600000| PB 0x0000000709600000| Untracked 
|  68|0x0000000709800000, 0x0000000709800000, 0x0000000709a00000|  0%| F|  |TAMS 0x0000000709800000| PB 0x0000000709800000| Untracked 
|  69|0x0000000709a00000, 0x0000000709a00000, 0x0000000709c00000|  0%| F|  |TAMS 0x0000000709a00000| PB 0x0000000709a00000| Untracked 
|  70|0x0000000709c00000, 0x0000000709c00000, 0x0000000709e00000|  0%| F|  |TAMS 0x0000000709c00000| PB 0x0000000709c00000| Untracked 
|  71|0x0000000709e00000, 0x0000000709e00000, 0x000000070a000000|  0%| F|  |TAMS 0x0000000709e00000| PB 0x0000000709e00000| Untracked 
|  72|0x000000070a000000, 0x000000070a000000, 0x000000070a200000|  0%| F|  |TAMS 0x000000070a000000| PB 0x000000070a000000| Untracked 
|  73|0x000000070a200000, 0x000000070a400000, 0x000000070a400000|100%| E|  |TAMS 0x000000070a200000| PB 0x000000070a200000| Complete 
|  74|0x000000070a400000, 0x000000070a600000, 0x000000070a600000|100%| E|CS|TAMS 0x000000070a400000| PB 0x000000070a400000| Complete 
|  75|0x000000070a600000, 0x000000070a800000, 0x000000070a800000|100%| E|CS|TAMS 0x000000070a600000| PB 0x000000070a600000| Complete 
|  76|0x000000070a800000, 0x000000070aa00000, 0x000000070aa00000|100%| E|CS|TAMS 0x000000070a800000| PB 0x000000070a800000| Complete 
|  77|0x000000070aa00000, 0x000000070ac00000, 0x000000070ac00000|100%| E|CS|TAMS 0x000000070aa00000| PB 0x000000070aa00000| Complete 
|  78|0x000000070ac00000, 0x000000070ae00000, 0x000000070ae00000|100%| E|CS|TAMS 0x000000070ac00000| PB 0x000000070ac00000| Complete 
|  79|0x000000070ae00000, 0x000000070b000000, 0x000000070b000000|100%| E|CS|TAMS 0x000000070ae00000| PB 0x000000070ae00000| Complete 
|  80|0x000000070b000000, 0x000000070b200000, 0x000000070b200000|100%| E|CS|TAMS 0x000000070b000000| PB 0x000000070b000000| Complete 
|  81|0x000000070b200000, 0x000000070b400000, 0x000000070b400000|100%| E|CS|TAMS 0x000000070b200000| PB 0x000000070b200000| Complete 
|  82|0x000000070b400000, 0x000000070b600000, 0x000000070b600000|100%| E|CS|TAMS 0x000000070b400000| PB 0x000000070b400000| Complete 
|  83|0x000000070b600000, 0x000000070b800000, 0x000000070b800000|100%| E|CS|TAMS 0x000000070b600000| PB 0x000000070b600000| Complete 
|  84|0x000000070b800000, 0x000000070ba00000, 0x000000070ba00000|100%| E|CS|TAMS 0x000000070b800000| PB 0x000000070b800000| Complete 
|  85|0x000000070ba00000, 0x000000070bc00000, 0x000000070bc00000|100%| E|CS|TAMS 0x000000070ba00000| PB 0x000000070ba00000| Complete 
|  86|0x000000070bc00000, 0x000000070be00000, 0x000000070be00000|100%| E|CS|TAMS 0x000000070bc00000| PB 0x000000070bc00000| Complete 
|  87|0x000000070be00000, 0x000000070c000000, 0x000000070c000000|100%| E|CS|TAMS 0x000000070be00000| PB 0x000000070be00000| Complete 
| 110|0x000000070ec00000, 0x000000070ee00000, 0x000000070ee00000|100%| E|CS|TAMS 0x000000070ec00000| PB 0x000000070ec00000| Complete 
| 111|0x000000070ee00000, 0x000000070f000000, 0x000000070f000000|100%| E|CS|TAMS 0x000000070ee00000| PB 0x000000070ee00000| Complete 
| 112|0x000000070f000000, 0x000000070f200000, 0x000000070f200000|100%| E|CS|TAMS 0x000000070f000000| PB 0x000000070f000000| Complete 
| 127|0x0000000710e00000, 0x0000000711000000, 0x0000000711000000|100%| E|CS|TAMS 0x0000000710e00000| PB 0x0000000710e00000| Complete 

Card table byte_map: [0x0000027146930000,0x0000027147130000] _byte_map_base: 0x0000027143128000

Marking Bits: (CMBitMap*) 0x0000027133ae0ff0
 Bits: [0x0000027147130000, 0x000002714b0f0000)

Polling page: 0x00000271319e0000

Metaspace:

Usage:
  Non-class:     62.09 MB used.
      Class:      7.59 MB used.
       Both:     69.69 MB used.

Virtual space:
  Non-class space:       64.00 MB reserved,      62.31 MB ( 97%) committed,  1 nodes.
      Class space:        1.00 GB reserved,       7.75 MB ( <1%) committed,  1 nodes.
             Both:        1.06 GB reserved,      70.06 MB (  6%) committed. 

Chunk freelists:
   Non-Class:  800.00 KB
       Class:  8.23 MB
        Both:  9.02 MB

MaxMetaspaceSize: unlimited
CompressedClassSpaceSize: 1.00 GB
Initial GC threshold: 21.00 MB
Current GC threshold: 98.44 MB
CDS: off
 - commit_granule_bytes: 65536.
 - commit_granule_words: 8192.
 - virtual_space_node_default_size: 8388608.
 - enlarge_chunks_in_place: 1.
 - use_allocation_guard: 0.


Internal statistics:

num_allocs_failed_limit: 9.
num_arena_births: 366.
num_arena_deaths: 0.
num_vsnodes_births: 2.
num_vsnodes_deaths: 0.
num_space_committed: 1120.
num_space_uncommitted: 0.
num_chunks_returned_to_freelist: 9.
num_chunks_taken_from_freelist: 2588.
num_chunk_merges: 9.
num_chunk_splits: 2123.
num_chunks_enlarged: 1924.
num_inconsistent_stats: 0.

CodeHeap 'non-profiled nmethods': size=120000Kb used=4905Kb max_used=4905Kb free=115095Kb
 bounds [0x000002713e6b0000, 0x000002713eb80000, 0x0000027145be0000]
CodeHeap 'profiled nmethods': size=120000Kb used=30854Kb max_used=30854Kb free=89145Kb
 bounds [0x0000027136be0000, 0x0000027138a10000, 0x000002713e110000]
CodeHeap 'non-nmethods': size=5760Kb used=1766Kb max_used=1808Kb free=3993Kb
 bounds [0x000002713e110000, 0x000002713e380000, 0x000002713e6b0000]
 total_blobs=9673 nmethods=8892 adapters=682
 compilation: enabled
              stopped_count=0, restarted_count=0
 full_count=0

Compilation events (20 events):
Event: 4.611 Thread 0x0000027152091130 9169       1       org.jetbrains.kotlin.fir.declarations.builder.FirPrimaryConstructorBuilder::setContainerSource (6 bytes)
Event: 4.611 Thread 0x0000027152091130 nmethod 9169 0x000002713eb79210 code [0x000002713eb793a0, 0x000002713eb794b8]
Event: 4.611 Thread 0x0000027152091130 9164       1       org.jetbrains.kotlin.fir.declarations.impl.FirTypeParameterImpl::getOrigin (5 bytes)
Event: 4.611 Thread 0x0000027152091130 nmethod 9164 0x000002713eb79510 code [0x000002713eb796a0, 0x000002713eb79770]
Event: 4.611 Thread 0x0000027152091130 9167       1       org.jetbrains.kotlin.metadata.ProtoBuf$Class::getVersionRequirementTable (5 bytes)
Event: 4.611 Thread 0x0000027152091130 nmethod 9167 0x000002713eb79810 code [0x000002713eb799a0, 0x000002713eb79a70]
Event: 4.611 Thread 0x0000027152091130 9071       1       org.jetbrains.kotlin.fir.lazy.Fir2IrLazyField::getContainingClass (5 bytes)
Event: 4.611 Thread 0x0000027152091130 nmethod 9071 0x000002713eb79b10 code [0x000002713eb79ca0, 0x000002713eb79d70]
Event: 4.611 Thread 0x0000027152091130 9072       1       org.jetbrains.kotlin.fir.lazy.Fir2IrLazyPropertyForPureField::getGetter (2 bytes)
Event: 4.611 Thread 0x0000027152091130 nmethod 9072 0x000002713eb79e10 code [0x000002713eb79fa0, 0x000002713eb7a070]
Event: 4.611 Thread 0x0000027152091130 9073       1       org.jetbrains.kotlin.fir.lazy.Fir2IrLazyPropertyForPureField::getSetter (2 bytes)
Event: 4.611 Thread 0x0000027152091130 nmethod 9073 0x000002713eb7a110 code [0x000002713eb7a2a0, 0x000002713eb7a370]
Event: 4.613 Thread 0x0000027152091130 9186       3       org.jetbrains.kotlin.fir.backend.Fir2IrDeclarationStorage$FakeOverrideIdentifier::equals (68 bytes)
Event: 4.613 Thread 0x0000027152091130 nmethod 9186 0x00000271389f7110 code [0x00000271389f7340, 0x00000271389f7c40]
Event: 4.613 Thread 0x0000027152091130 9187       3       org.jetbrains.kotlin.backend.common.actualizer.SpecialFakeOverrideSymbolsResolver::getReferencedSimpleFunction (228 bytes)
Event: 4.615 Thread 0x0000027152091130 nmethod 9187 0x00000271389f7e10 code [0x00000271389f8520, 0x00000271389fc548]
Event: 4.623 Thread 0x0000027152091130 9191       3       java.util.ArrayDeque::grow (165 bytes)
Event: 4.623 Thread 0x0000027152091130 nmethod 9191 0x00000271389fd910 code [0x00000271389fdb20, 0x00000271389fe298]
Event: 4.629 Thread 0x0000027152091130 9192       3       org.jetbrains.kotlin.fir.backend.Fir2IrSymbolsMappingForLazyClassesKt::lazyMappedPropertyListVar (30 bytes)
Event: 4.629 Thread 0x0000027152091130 nmethod 9192 0x00000271389fe590 code [0x00000271389fe8c0, 0x00000271389ff908]

GC Heap History (20 events):
Event: 0.740 GC heap before
{Heap before GC invocations=3 (full 0):
 garbage-first heap   total 34816K, used 31045K [0x0000000701000000, 0x0000000800000000)
  region size 2048K, 15 young (30720K), 3 survivors (6144K)
 Metaspace       used 24993K, committed 25280K, reserved 1114112K
  class space    used 2623K, committed 2752K, reserved 1048576K
}
Event: 0.746 GC heap after
{Heap after GC invocations=4 (full 0):
 garbage-first heap   total 47104K, used 16384K [0x0000000701000000, 0x0000000800000000)
  region size 2048K, 6 young (12288K), 6 survivors (12288K)
 Metaspace       used 24993K, committed 25280K, reserved 1114112K
  class space    used 2623K, committed 2752K, reserved 1048576K
}
Event: 0.873 GC heap before
{Heap before GC invocations=4 (full 0):
 garbage-first heap   total 47104K, used 30720K [0x0000000701000000, 0x0000000800000000)
  region size 2048K, 13 young (26624K), 6 survivors (12288K)
 Metaspace       used 28398K, committed 28672K, reserved 1114112K
  class space    used 3017K, committed 3136K, reserved 1048576K
}
Event: 0.880 GC heap after
{Heap after GC invocations=5 (full 0):
 garbage-first heap   total 47104K, used 18190K [0x0000000701000000, 0x0000000800000000)
  region size 2048K, 1 young (2048K), 1 survivors (2048K)
 Metaspace       used 28398K, committed 28672K, reserved 1114112K
  class space    used 3017K, committed 3136K, reserved 1048576K
}
Event: 1.045 GC heap before
{Heap before GC invocations=5 (full 0):
 garbage-first heap   total 47104K, used 34574K [0x0000000701000000, 0x0000000800000000)
  region size 2048K, 9 young (18432K), 1 survivors (2048K)
 Metaspace       used 33469K, committed 33728K, reserved 1114112K
  class space    used 4052K, committed 4160K, reserved 1048576K
}
Event: 1.048 GC heap after
{Heap after GC invocations=6 (full 0):
 garbage-first heap   total 47104K, used 18830K [0x0000000701000000, 0x0000000800000000)
  region size 2048K, 2 young (4096K), 2 survivors (4096K)
 Metaspace       used 33469K, committed 33728K, reserved 1114112K
  class space    used 4052K, committed 4160K, reserved 1048576K
}
Event: 1.135 GC heap before
{Heap before GC invocations=6 (full 0):
 garbage-first heap   total 47104K, used 29070K [0x0000000701000000, 0x0000000800000000)
  region size 2048K, 8 young (16384K), 2 survivors (4096K)
 Metaspace       used 35771K, committed 35968K, reserved 1114112K
  class space    used 4285K, committed 4352K, reserved 1048576K
}
Event: 1.139 GC heap after
{Heap after GC invocations=7 (full 0):
 garbage-first heap   total 47104K, used 19859K [0x0000000701000000, 0x0000000800000000)
  region size 2048K, 2 young (4096K), 2 survivors (4096K)
 Metaspace       used 35771K, committed 35968K, reserved 1114112K
  class space    used 4285K, committed 4352K, reserved 1048576K
}
Event: 1.269 GC heap before
{Heap before GC invocations=8 (full 0):
 garbage-first heap   total 47104K, used 32147K [0x0000000701000000, 0x0000000800000000)
  region size 2048K, 9 young (18432K), 2 survivors (4096K)
 Metaspace       used 39450K, committed 39744K, reserved 1114112K
  class space    used 4651K, committed 4800K, reserved 1048576K
}
Event: 1.273 GC heap after
{Heap after GC invocations=9 (full 0):
 garbage-first heap   total 155648K, used 20705K [0x0000000701000000, 0x0000000800000000)
  region size 2048K, 2 young (4096K), 2 survivors (4096K)
 Metaspace       used 39450K, committed 39744K, reserved 1114112K
  class space    used 4651K, committed 4800K, reserved 1048576K
}
Event: 2.021 GC heap before
{Heap before GC invocations=9 (full 0):
 garbage-first heap   total 155648K, used 106721K [0x0000000701000000, 0x0000000800000000)
  region size 2048K, 45 young (92160K), 2 survivors (4096K)
 Metaspace       used 49894K, committed 50176K, reserved 1114112K
  class space    used 5683K, committed 5824K, reserved 1048576K
}
Event: 2.038 GC heap after
{Heap after GC invocations=10 (full 0):
 garbage-first heap   total 155648K, used 40137K [0x0000000701000000, 0x0000000800000000)
  region size 2048K, 6 young (12288K), 6 survivors (12288K)
 Metaspace       used 49894K, committed 50176K, reserved 1114112K
  class space    used 5683K, committed 5824K, reserved 1048576K
}
Event: 2.677 GC heap before
{Heap before GC invocations=10 (full 0):
 garbage-first heap   total 155648K, used 101577K [0x0000000701000000, 0x0000000800000000)
  region size 2048K, 36 young (73728K), 6 survivors (12288K)
 Metaspace       used 57975K, committed 58304K, reserved 1114112K
  class space    used 6637K, committed 6784K, reserved 1048576K
}
Event: 2.695 GC heap after
{Heap after GC invocations=11 (full 0):
 garbage-first heap   total 155648K, used 52771K [0x0000000701000000, 0x0000000800000000)
  region size 2048K, 5 young (10240K), 5 survivors (10240K)
 Metaspace       used 57975K, committed 58304K, reserved 1114112K
  class space    used 6637K, committed 6784K, reserved 1048576K
}
Event: 3.192 GC heap before
{Heap before GC invocations=11 (full 0):
 garbage-first heap   total 155648K, used 95779K [0x0000000701000000, 0x0000000800000000)
  region size 2048K, 27 young (55296K), 5 survivors (10240K)
 Metaspace       used 60141K, committed 60416K, reserved 1114112K
  class space    used 6793K, committed 6912K, reserved 1048576K
}
Event: 3.208 GC heap after
{Heap after GC invocations=12 (full 0):
 garbage-first heap   total 155648K, used 62769K [0x0000000701000000, 0x0000000800000000)
  region size 2048K, 5 young (10240K), 5 survivors (10240K)
 Metaspace       used 60141K, committed 60416K, reserved 1114112K
  class space    used 6793K, committed 6912K, reserved 1048576K
}
Event: 3.925 GC heap before
{Heap before GC invocations=13 (full 0):
 garbage-first heap   total 155648K, used 116017K [0x0000000701000000, 0x0000000800000000)
  region size 2048K, 31 young (63488K), 5 survivors (10240K)
 Metaspace       used 64343K, committed 64640K, reserved 1114112K
  class space    used 7144K, committed 7296K, reserved 1048576K
}
Event: 3.938 GC heap after
{Heap after GC invocations=14 (full 0):
 garbage-first heap   total 155648K, used 70121K [0x0000000701000000, 0x0000000800000000)
  region size 2048K, 4 young (8192K), 4 survivors (8192K)
 Metaspace       used 64343K, committed 64640K, reserved 1114112K
  class space    used 7144K, committed 7296K, reserved 1048576K
}
Event: 4.244 GC heap before
{Heap before GC invocations=14 (full 0):
 garbage-first heap   total 155648K, used 123369K [0x0000000701000000, 0x0000000800000000)
  region size 2048K, 30 young (61440K), 4 survivors (8192K)
 Metaspace       used 67139K, committed 67456K, reserved 1114112K
  class space    used 7407K, committed 7552K, reserved 1048576K
}
Event: 4.259 GC heap after
{Heap after GC invocations=15 (full 0):
 garbage-first heap   total 188416K, used 79872K [0x0000000701000000, 0x0000000800000000)
  region size 2048K, 4 young (8192K), 4 survivors (8192K)
 Metaspace       used 67139K, committed 67456K, reserved 1114112K
  class space    used 7407K, committed 7552K, reserved 1048576K
}

Dll operation events (3 events):
Event: 0.004 Loaded shared library C:\Program Files\Android\Android Studio\jbr\bin\java.dll
Event: 0.009 Loaded shared library C:\Program Files\Android\Android Studio\jbr\bin\zip.dll
Event: 0.764 Loaded shared library C:\Program Files\Android\Android Studio\jbr\bin\verify.dll

Deoptimization events (20 events):
Event: 4.234 Thread 0x000002713170c1a0 Uncommon trap: trap_request=0xffffffde fr.pc=0x000002713eb142e0 relative=0x0000000000000220
Event: 4.234 Thread 0x000002713170c1a0 Uncommon trap: reason=class_check action=maybe_recompile pc=0x000002713eb142e0 method=org.jetbrains.kotlin.protobuf.CodedOutputStream.refreshBuffer()V @ 28 c2
Event: 4.234 Thread 0x000002713170c1a0 DEOPT PACKING pc=0x000002713eb142e0 sp=0x0000009c082fddf0
Event: 4.234 Thread 0x000002713170c1a0 DEOPT UNPACKING pc=0x000002713e1646a2 sp=0x0000009c082fdd58 mode 2
Event: 4.234 Thread 0x000002713170c1a0 Uncommon trap: trap_request=0xffffffde fr.pc=0x000002713e86ece0 relative=0x0000000000000220
Event: 4.234 Thread 0x000002713170c1a0 Uncommon trap: reason=class_check action=maybe_recompile pc=0x000002713e86ece0 method=org.jetbrains.kotlin.protobuf.CodedOutputStream.refreshBuffer()V @ 28 c2
Event: 4.234 Thread 0x000002713170c1a0 DEOPT PACKING pc=0x000002713e86ece0 sp=0x0000009c082fdd90
Event: 4.234 Thread 0x000002713170c1a0 DEOPT UNPACKING pc=0x000002713e1646a2 sp=0x0000009c082fdd58 mode 2
Event: 4.387 Thread 0x000002713170c1a0 Uncommon trap: trap_request=0xffffff45 fr.pc=0x000002713eb25180 relative=0x00000000000001a0
Event: 4.387 Thread 0x000002713170c1a0 Uncommon trap: reason=unstable_if action=reinterpret pc=0x000002713eb25180 method=org.jetbrains.kotlin.fir.resolve.substitution.AbstractConeSubstitutor.substituteRecursive(Lorg/jetbrains/kotlin/fir/types/ConeKotlinType;)Lorg/jetbrains/kotlin/fir/types/Con
Event: 4.387 Thread 0x000002713170c1a0 DEOPT PACKING pc=0x000002713eb25180 sp=0x0000009c082fc440
Event: 4.387 Thread 0x000002713170c1a0 DEOPT UNPACKING pc=0x000002713e1646a2 sp=0x0000009c082fc348 mode 2
Event: 4.425 Thread 0x000002713170c1a0 Uncommon trap: trap_request=0xffffff45 fr.pc=0x000002713e92b180 relative=0x00000000000005c0
Event: 4.425 Thread 0x000002713170c1a0 Uncommon trap: reason=unstable_if action=reinterpret pc=0x000002713e92b180 method=java.lang.Boolean.hashCode(Z)I @ 1 c2
Event: 4.425 Thread 0x000002713170c1a0 DEOPT PACKING pc=0x000002713e92b180 sp=0x0000009c082fbf80
Event: 4.425 Thread 0x000002713170c1a0 DEOPT UNPACKING pc=0x000002713e1646a2 sp=0x0000009c082fbea8 mode 2
Event: 4.595 Thread 0x000002713170c1a0 Uncommon trap: trap_request=0xffffff45 fr.pc=0x000002713ea69458 relative=0x0000000000000178
Event: 4.595 Thread 0x000002713170c1a0 Uncommon trap: reason=unstable_if action=reinterpret pc=0x000002713ea69458 method=org.jetbrains.kotlin.name.Name.guessByFirstCharacter(Ljava/lang/String;)Lorg/jetbrains/kotlin/name/Name; @ 15 c2
Event: 4.595 Thread 0x000002713170c1a0 DEOPT PACKING pc=0x000002713ea69458 sp=0x0000009c082fb500
Event: 4.595 Thread 0x000002713170c1a0 DEOPT UNPACKING pc=0x000002713e1646a2 sp=0x0000009c082fb440 mode 2

Classes loaded (20 events):
Event: 4.179 Loading class java/util/ServiceLoader$LazyClassPathLookupIterator
Event: 4.179 Loading class java/util/ServiceLoader$LazyClassPathLookupIterator done
Event: 4.179 Loading class java/util/ServiceLoader$2
Event: 4.179 Loading class java/util/ServiceLoader$2 done
Event: 4.179 Loading class java/util/ServiceLoader$3
Event: 4.179 Loading class java/util/ServiceLoader$3 done
Event: 4.180 Loading class java/util/Collections$EmptyEnumeration
Event: 4.180 Loading class java/util/Collections$EmptyEnumeration done
Event: 4.180 Loading class jdk/internal/loader/BuiltinClassLoader$1
Event: 4.180 Loading class jdk/internal/loader/BuiltinClassLoader$1 done
Event: 4.180 Loading class java/lang/CompoundEnumeration
Event: 4.180 Loading class java/lang/CompoundEnumeration done
Event: 4.180 Loading class jdk/internal/loader/URLClassPath$1
Event: 4.180 Loading class jdk/internal/loader/URLClassPath$1 done
Event: 4.181 Loading class java/util/ServiceLoader$1
Event: 4.181 Loading class java/util/ServiceLoader$1 done
Event: 4.181 Loading class java/util/ServiceLoader$ProviderImpl
Event: 4.181 Loading class java/util/ServiceLoader$Provider
Event: 4.181 Loading class java/util/ServiceLoader$Provider done
Event: 4.181 Loading class java/util/ServiceLoader$ProviderImpl done

Classes unloaded (0 events):
No events

Classes redefined (0 events):
No events

Internal exceptions (20 events):
Event: 3.030 Thread 0x000002713170c1a0 Exception <a 'java/lang/NoSuchMethodError'{0x000000070890fb38}: 'java.lang.Object java.lang.invoke.DirectMethodHandle$Holder.invokeSpecial(java.lang.Object, java.lang.Object, java.lang.Object, java.lang.Object, java.lang.Object, java.lang.Object, int)'> (0x000000070890fb38) 
thrown [s\src\hotspot\share\interpreter\linkResolver.cpp, line 784]
Event: 3.030 Thread 0x000002713170c1a0 Exception <a 'java/lang/NoSuchMethodError'{0x0000000708913ed0}: 'java.lang.Object java.lang.invoke.Invokers$Holder.linkToTargetMethod(java.lang.Object, java.lang.Object, java.lang.Object, java.lang.Object, int, java.lang.Object)'> (0x0000000708913ed0) 
thrown [s\src\hotspot\share\interpreter\linkResolver.cpp, line 784]
Event: 3.053 Thread 0x000002713170c1a0 Exception <a 'java/lang/NoSuchMethodError'{0x0000000708653638}: 'java.lang.Object java.lang.invoke.DirectMethodHandle$Holder.invokeStatic(java.lang.Object, int, java.lang.Object, java.lang.Object, java.lang.Object, java.lang.Object, java.lang.Object)'> (0x0000000708653638) 
thrown [s\src\hotspot\share\interpreter\linkResolver.cpp, line 784]
Event: 3.053 Thread 0x000002713170c1a0 Exception <a 'java/lang/NoSuchMethodError'{0x000000070865cae8}: 'java.lang.Object java.lang.invoke.DirectMethodHandle$Holder.newInvokeSpecial(java.lang.Object, int, java.lang.Object, java.lang.Object, java.lang.Object)'> (0x000000070865cae8) 
thrown [s\src\hotspot\share\interpreter\linkResolver.cpp, line 784]
Event: 3.053 Thread 0x000002713170c1a0 Exception <a 'java/lang/NoSuchMethodError'{0x00000007086644b8}: 'java.lang.Object java.lang.invoke.Invokers$Holder.linkToTargetMethod(int, java.lang.Object, java.lang.Object, java.lang.Object, java.lang.Object)'> (0x00000007086644b8) 
thrown [s\src\hotspot\share\interpreter\linkResolver.cpp, line 784]
Event: 3.594 Thread 0x000002713170c1a0 Implicit null exception at 0x000002713e784560 to 0x000002713e78467c
Event: 3.650 Thread 0x000002713170c1a0 Implicit null exception at 0x000002713e928e69 to 0x000002713e928ff8
Event: 3.846 Thread 0x000002713170c1a0 Exception <a 'java/lang/NoSuchMethodError'{0x00000007081d9418}: 'java.lang.Object java.lang.invoke.DirectMethodHandle$Holder.newInvokeSpecial(java.lang.Object, java.lang.Object, int, java.lang.Object, java.lang.Object, java.lang.Object)'> (0x00000007081d9418) 
thrown [s\src\hotspot\share\interpreter\linkResolver.cpp, line 784]
Event: 3.846 Thread 0x000002713170c1a0 Exception <a 'java/lang/NoSuchMethodError'{0x00000007081dd598}: 'java.lang.Object java.lang.invoke.DirectMethodHandle$Holder.invokeSpecial(java.lang.Object, java.lang.Object, java.lang.Object, int, java.lang.Object, java.lang.Object, java.lang.Object)'> (0x00000007081dd598) 
thrown [s\src\hotspot\share\interpreter\linkResolver.cpp, line 784]
Event: 3.846 Thread 0x000002713170c1a0 Exception <a 'java/lang/NoSuchMethodError'{0x00000007081e0c10}: 'java.lang.Object java.lang.invoke.Invokers$Holder.linkToTargetMethod(java.lang.Object, int, java.lang.Object, java.lang.Object, java.lang.Object, java.lang.Object)'> (0x00000007081e0c10) 
thrown [s\src\hotspot\share\interpreter\linkResolver.cpp, line 784]
Event: 4.209 Thread 0x000002713170c1a0 Implicit null exception at 0x000002713e6e4620 to 0x000002713e6e4c08
Event: 4.210 Thread 0x000002713170c1a0 Implicit null exception at 0x000002713e6e7fa0 to 0x000002713e6e8588
Event: 4.340 Thread 0x000002713170c1a0 Exception <a 'java/lang/NoSuchMethodError'{0x000000070ed697b8}: 'java.lang.Object java.lang.invoke.DirectMethodHandle$Holder.newInvokeSpecial(java.lang.Object, java.lang.Object, java.lang.Object, java.lang.Object, java.lang.Object, java.lang.Object, java.lang.Object, java.lang.Object, int)'> (0x000000070ed697b8) 
thrown [s\src\hotspot\share\interpreter\linkResolver.cpp, line 784]
Event: 4.340 Thread 0x000002713170c1a0 Exception <a 'java/lang/NoSuchMethodError'{0x000000070ed6e560}: 'java.lang.Object java.lang.invoke.DirectMethodHandle$Holder.invokeSpecial(java.lang.Object, java.lang.Object, java.lang.Object, java.lang.Object, java.lang.Object, java.lang.Object, java.lang.Object, java.lang.Object, java.lang.Object, int)'> (0x000000070ed6e560) 
thrown [s\src\hotspot\share\interpreter\linkResolver.cpp, line 784]
Event: 4.348 Thread 0x000002713170c1a0 Exception <a 'java/lang/NoSuchMethodError'{0x000000070be348a8}: 'java.lang.Object java.lang.invoke.DirectMethodHandle$Holder.newInvokeSpecial(java.lang.Object, java.lang.Object, java.lang.Object, java.lang.Object, java.lang.Object, java.lang.Object, java.lang.Object, int)'> (0x000000070be348a8) 
thrown [s\src\hotspot\share\interpreter\linkResolver.cpp, line 784]
Event: 4.349 Thread 0x000002713170c1a0 Exception <a 'java/lang/NoSuchMethodError'{0x000000070be38f58}: 'java.lang.Object java.lang.invoke.DirectMethodHandle$Holder.invokeSpecial(java.lang.Object, java.lang.Object, java.lang.Object, java.lang.Object, java.lang.Object, java.lang.Object, java.lang.Object, java.lang.Object, int)'> (0x000000070be38f58) 
thrown [s\src\hotspot\share\interpreter\linkResolver.cpp, line 784]
Event: 4.365 Thread 0x000002713170c1a0 Exception <a 'java/lang/NoSuchMethodError'{0x000000070bf58cd0}: 'java.lang.Object java.lang.invoke.DirectMethodHandle$Holder.invokeStatic(java.lang.Object, java.lang.Object, int, int)'> (0x000000070bf58cd0) 
thrown [s\src\hotspot\share\interpreter\linkResolver.cpp, line 784]
Event: 4.365 Thread 0x000002713170c1a0 Exception <a 'java/lang/NoSuchMethodError'{0x000000070bf5f848}: 'java.lang.Object java.lang.invoke.DirectMethodHandle$Holder.newInvokeSpecial(java.lang.Object, java.lang.Object, int, int)'> (0x000000070bf5f848) 
thrown [s\src\hotspot\share\interpreter\linkResolver.cpp, line 784]
Event: 4.365 Thread 0x000002713170c1a0 Exception <a 'java/lang/NoSuchMethodError'{0x000000070bf63b38}: 'java.lang.Object java.lang.invoke.DirectMethodHandle$Holder.invokeSpecial(java.lang.Object, java.lang.Object, java.lang.Object, int, int)'> (0x000000070bf63b38) 
thrown [s\src\hotspot\share\interpreter\linkResolver.cpp, line 784]
Event: 4.366 Thread 0x000002713170c1a0 Exception <a 'java/lang/NoSuchMethodError'{0x000000070bf67710}: 'java.lang.Object java.lang.invoke.Invokers$Holder.linkToTargetMethod(java.lang.Object, int, int, java.lang.Object)'> (0x000000070bf67710) 
thrown [s\src\hotspot\share\interpreter\linkResolver.cpp, line 784]

ZGC Phase Switch (0 events):
No events

VM Operations (20 events):
Event: 4.149 Executing VM operation: ICBufferFull
Event: 4.149 Executing VM operation: ICBufferFull done
Event: 4.155 Executing VM operation: HandshakeAllThreads (Deoptimize)
Event: 4.155 Executing VM operation: HandshakeAllThreads (Deoptimize) done
Event: 4.202 Executing VM operation: HandshakeAllThreads (Deoptimize)
Event: 4.202 Executing VM operation: HandshakeAllThreads (Deoptimize) done
Event: 4.219 Executing VM operation: HandshakeAllThreads (Deoptimize)
Event: 4.219 Executing VM operation: HandshakeAllThreads (Deoptimize) done
Event: 4.219 Executing VM operation: HandshakeAllThreads (Deoptimize)
Event: 4.219 Executing VM operation: HandshakeAllThreads (Deoptimize) done
Event: 4.220 Executing VM operation: HandshakeAllThreads (Deoptimize)
Event: 4.220 Executing VM operation: HandshakeAllThreads (Deoptimize) done
Event: 4.244 Executing VM operation: G1CollectForAllocation (G1 Evacuation Pause)
Event: 4.259 Executing VM operation: G1CollectForAllocation (G1 Evacuation Pause) done
Event: 4.282 Executing VM operation: HandshakeAllThreads (Deoptimize)
Event: 4.282 Executing VM operation: HandshakeAllThreads (Deoptimize) done
Event: 4.449 Executing VM operation: ICBufferFull
Event: 4.449 Executing VM operation: ICBufferFull done
Event: 4.597 Executing VM operation: ICBufferFull
Event: 4.597 Executing VM operation: ICBufferFull done

Memory protections (0 events):
No events

Nmethod flushes (20 events):
Event: 3.237 Thread 0x000002714dd3b2f0 flushing  nmethod 0x0000027136de0e90
Event: 3.237 Thread 0x000002714dd3b2f0 flushing  nmethod 0x0000027136de1590
Event: 3.237 Thread 0x000002714dd3b2f0 flushing  nmethod 0x0000027136de2590
Event: 3.237 Thread 0x000002714dd3b2f0 flushing  nmethod 0x0000027136de3590
Event: 3.237 Thread 0x000002714dd3b2f0 flushing  nmethod 0x0000027136de3990
Event: 3.237 Thread 0x000002714dd3b2f0 flushing  nmethod 0x0000027136de4090
Event: 3.237 Thread 0x000002714dd3b2f0 flushing  nmethod 0x0000027136de4590
Event: 3.237 Thread 0x000002714dd3b2f0 flushing  nmethod 0x0000027136df6110
Event: 3.237 Thread 0x000002714dd3b2f0 flushing  nmethod 0x0000027136df7390
Event: 3.237 Thread 0x000002714dd3b2f0 flushing  nmethod 0x0000027136df7f90
Event: 3.237 Thread 0x000002714dd3b2f0 flushing  nmethod 0x0000027136df8d10
Event: 3.237 Thread 0x000002714dd3b2f0 flushing  nmethod 0x0000027136dfa710
Event: 3.237 Thread 0x000002714dd3b2f0 flushing osr nmethod 0x0000027136dfc590
Event: 3.237 Thread 0x000002714dd3b2f0 flushing  nmethod 0x0000027136e03010
Event: 3.237 Thread 0x000002714dd3b2f0 flushing  nmethod 0x0000027136e03690
Event: 3.237 Thread 0x000002714dd3b2f0 flushing  nmethod 0x0000027136e5dc10
Event: 3.237 Thread 0x000002714dd3b2f0 flushing  nmethod 0x0000027136e5df90
Event: 3.237 Thread 0x000002714dd3b2f0 flushing  nmethod 0x0000027136e5ed10
Event: 3.237 Thread 0x000002714dd3b2f0 flushing  nmethod 0x0000027136ecd790
Event: 3.237 Thread 0x000002714dd3b2f0 flushing  nmethod 0x0000027136ed4b10

Events (16 events):
Event: 0.008 Thread 0x000002713170c1a0 Thread added: 0x000002713170c1a0
Event: 0.041 Thread 0x000002713170c1a0 Thread added: 0x000002715204c370
Event: 0.041 Thread 0x000002713170c1a0 Thread added: 0x000002715207a680
Event: 0.042 Thread 0x000002713170c1a0 Thread added: 0x000002715207b470
Event: 0.042 Thread 0x000002713170c1a0 Thread added: 0x0000027152099980
Event: 0.042 Thread 0x000002713170c1a0 Thread added: 0x0000027152099fe0
Event: 0.042 Thread 0x000002713170c1a0 Thread added: 0x000002715209aa30
Event: 0.042 Thread 0x000002713170c1a0 Thread added: 0x00000271520906a0
Event: 0.042 Thread 0x000002713170c1a0 Thread added: 0x0000027152091130
Event: 0.064 Thread 0x000002713170c1a0 Thread added: 0x000002715223c5e0
Event: 0.067 Thread 0x000002713170c1a0 Thread added: 0x0000027152254890
Event: 0.072 Loaded shared library C:\Program Files\Android\Android Studio\jbr\bin\net.dll
Event: 0.073 Loaded shared library C:\Program Files\Android\Android Studio\jbr\bin\nio.dll
Event: 0.083 Thread 0x00000271520906a0 Thread added: 0x00000271522c7170
Event: 0.089 Loaded shared library C:\Program Files\Android\Android Studio\jbr\bin\zip.dll
Event: 0.106 Loaded shared library C:\Program Files\Android\Android Studio\jbr\bin\jimage.dll


Dynamic libraries:
0x00007ff62cfc0000 - 0x00007ff62cfca000 	C:\Program Files\Android\Android Studio\jbr\bin\java.exe
0x00007ff8be4b0000 - 0x00007ff8be6a8000 	C:\WINDOWS\SYSTEM32\ntdll.dll
0x00007ff8be3a0000 - 0x00007ff8be462000 	C:\WINDOWS\System32\KERNEL32.DLL
0x00007ff8bc1d0000 - 0x00007ff8bc4c6000 	C:\WINDOWS\System32\KERNELBASE.dll
0x00007ff8bc0d0000 - 0x00007ff8bc1d0000 	C:\WINDOWS\System32\ucrtbase.dll
0x00007ff8b90c0000 - 0x00007ff8b90d8000 	C:\Program Files\Android\Android Studio\jbr\bin\jli.dll
0x00007ff8af930000 - 0x00007ff8af94b000 	C:\Program Files\Android\Android Studio\jbr\bin\VCRUNTIME140.dll
0x00007ff8bd960000 - 0x00007ff8bdafd000 	C:\WINDOWS\System32\USER32.dll
0x00007ff8bbe20000 - 0x00007ff8bbe42000 	C:\WINDOWS\System32\win32u.dll
0x00007ff8afbe0000 - 0x00007ff8afe7a000 	C:\WINDOWS\WinSxS\amd64_microsoft.windows.common-controls_6595b64144ccf1df_6.0.19041.4355_none_60b8b9eb71f62e16\COMCTL32.dll
0x00007ff8bdd30000 - 0x00007ff8bdd5b000 	C:\WINDOWS\System32\GDI32.dll
0x00007ff8bd8c0000 - 0x00007ff8bd95e000 	C:\WINDOWS\System32\msvcrt.dll
0x00007ff8bbb90000 - 0x00007ff8bbcaa000 	C:\WINDOWS\System32\gdi32full.dll
0x00007ff8bc030000 - 0x00007ff8bc0cd000 	C:\WINDOWS\System32\msvcp_win.dll
0x00007ff8be0c0000 - 0x00007ff8be0ef000 	C:\WINDOWS\System32\IMM32.DLL
0x00007ff8b5c20000 - 0x00007ff8b5c2c000 	C:\Program Files\Android\Android Studio\jbr\bin\vcruntime140_1.dll
0x00007ff8a1ab0000 - 0x00007ff8a1b3d000 	C:\Program Files\Android\Android Studio\jbr\bin\msvcp140.dll
0x00007ff852400000 - 0x00007ff85308a000 	C:\Program Files\Android\Android Studio\jbr\bin\server\jvm.dll
0x00007ff8bcf90000 - 0x00007ff8bd03f000 	C:\WINDOWS\System32\ADVAPI32.dll
0x00007ff8bddd0000 - 0x00007ff8bde6f000 	C:\WINDOWS\System32\sechost.dll
0x00007ff8bdb90000 - 0x00007ff8bdcb3000 	C:\WINDOWS\System32\RPCRT4.dll
0x00007ff8bbd40000 - 0x00007ff8bbd67000 	C:\WINDOWS\System32\bcrypt.dll
0x00007ff8bded0000 - 0x00007ff8bdf3b000 	C:\WINDOWS\System32\WS2_32.dll
0x00007ff8bb1d0000 - 0x00007ff8bb21b000 	C:\WINDOWS\SYSTEM32\POWRPROF.dll
0x00007ff8aa0f0000 - 0x00007ff8aa117000 	C:\WINDOWS\SYSTEM32\WINMM.dll
0x00007ff8b2ff0000 - 0x00007ff8b2ffa000 	C:\WINDOWS\SYSTEM32\VERSION.dll
0x00007ff8bb0c0000 - 0x00007ff8bb0d2000 	C:\WINDOWS\SYSTEM32\UMPDC.dll
0x00007ff8b9900000 - 0x00007ff8b9912000 	C:\WINDOWS\SYSTEM32\kernel.appcore.dll
0x00007ff8af920000 - 0x00007ff8af92a000 	C:\Program Files\Android\Android Studio\jbr\bin\jimage.dll
0x00007ff8a97b0000 - 0x00007ff8a9994000 	C:\WINDOWS\SYSTEM32\DBGHELP.DLL
0x00007ff8a0640000 - 0x00007ff8a0674000 	C:\WINDOWS\SYSTEM32\dbgcore.DLL
0x00007ff8bbcb0000 - 0x00007ff8bbd32000 	C:\WINDOWS\System32\bcryptPrimitives.dll
0x00007ff8af900000 - 0x00007ff8af920000 	C:\Program Files\Android\Android Studio\jbr\bin\java.dll
0x00007ff8a0d20000 - 0x00007ff8a0d38000 	C:\Program Files\Android\Android Studio\jbr\bin\zip.dll
0x00007ff8bd150000 - 0x00007ff8bd8bf000 	C:\WINDOWS\System32\SHELL32.dll
0x00007ff8b9be0000 - 0x00007ff8ba383000 	C:\WINDOWS\SYSTEM32\windows.storage.dll
0x00007ff8bcc30000 - 0x00007ff8bcf85000 	C:\WINDOWS\System32\combase.dll
0x00007ff8bb570000 - 0x00007ff8bb59b000 	C:\WINDOWS\SYSTEM32\Wldp.dll
0x00007ff8bdff0000 - 0x00007ff8be0bd000 	C:\WINDOWS\System32\OLEAUT32.dll
0x00007ff8bdf40000 - 0x00007ff8bdfed000 	C:\WINDOWS\System32\SHCORE.dll
0x00007ff8bde70000 - 0x00007ff8bdec5000 	C:\WINDOWS\System32\shlwapi.dll
0x00007ff8bba70000 - 0x00007ff8bba95000 	C:\WINDOWS\SYSTEM32\profapi.dll
0x00007ff8af8f0000 - 0x00007ff8af900000 	C:\Program Files\Android\Android Studio\jbr\bin\net.dll
0x00007ff8b5310000 - 0x00007ff8b541a000 	C:\WINDOWS\SYSTEM32\WINHTTP.dll
0x00007ff8bb2d0000 - 0x00007ff8bb33c000 	C:\WINDOWS\system32\mswsock.dll
0x00007ff8a0d00000 - 0x00007ff8a0d16000 	C:\Program Files\Android\Android Studio\jbr\bin\nio.dll
0x00007ff898f20000 - 0x00007ff898f30000 	C:\Program Files\Android\Android Studio\jbr\bin\verify.dll

dbghelp: loaded successfully - version: 4.0.5 - missing functions: none
symbol engine: initialized successfully - sym options: 0x614 - pdb path: .;C:\Program Files\Android\Android Studio\jbr\bin;C:\WINDOWS\SYSTEM32;C:\WINDOWS\WinSxS\amd64_microsoft.windows.common-controls_6595b64144ccf1df_6.0.19041.4355_none_60b8b9eb71f62e16;C:\Program Files\Android\Android Studio\jbr\bin\server

VM Arguments:
java_command: org.jetbrains.kotlin.cli.jvm.K2JVMCompiler @C:\Users\jmuni\StudioProjects\app\app\build\20250507_6437360191786362502.compiler.options
java_class_path (initial): C:\Users\jmuni\.gradle\caches\modules-2\files-2.1\org.jetbrains.kotlin\kotlin-compiler-embeddable\2.0.21\79346ed53db48b18312a472602eb5c057070c54d\kotlin-compiler-embeddable-2.0.21.jar;C:\Users\jmuni\.gradle\caches\modules-2\files-2.1\org.jetbrains.kotlin\kotlin-stdlib\2.0.21\618b539767b4899b4660a83006e052b63f1db551\kotlin-stdlib-2.0.21.jar;C:\Users\jmuni\.gradle\caches\modules-2\files-2.1\org.jetbrains.kotlin\kotlin-script-runtime\2.0.21\c9b044380ad41f89aa89aa896c2d32a8c0b2129d\kotlin-script-runtime-2.0.21.jar;C:\Users\jmuni\.gradle\caches\modules-2\files-2.1\org.jetbrains.kotlin\kotlin-reflect\1.6.10\1cbe9c92c12a94eea200d23c2bbaedaf3daf5132\kotlin-reflect-1.6.10.jar;C:\Users\jmuni\.gradle\caches\modules-2\files-2.1\org.jetbrains.kotlin\kotlin-daemon-embeddable\2.0.21\c9e933b23287de9b5a17e2116b4657bb91aea72c\kotlin-daemon-embeddable-2.0.21.jar;C:\Users\jmuni\.gradle\caches\modules-2\files-2.1\org.jetbrains.intellij.deps\trove4j\1.0.20200330\3afb14d5f9ceb459d724e907a21145e8ff394f02\trove4j-1.0.20200330.jar;C:\Users\jmuni\.gradle\caches\modules-2\files-2.1\org.jetbrains.kotlinx\kotlinx-coroutines-core-jvm\1.6.4\2c997cd1c0ef33f3e751d3831929aeff1390cb30\kotlinx-coroutines-core-jvm-1.6.4.jar;C:\Users\jmuni\.gradle\caches\modules-2\files-2.1\org.jetbrains\annotations\13.0\919f0dfe192fb4e063e7dacadee7f8bb9a2672a9\annotations-13.0.jar
Launcher Type: SUN_STANDARD

[Global flags]
     intx CICompilerCount                          = 4                                         {product} {ergonomic}
     uint ConcGCThreads                            = 3                                         {product} {ergonomic}
     uint G1ConcRefinementThreads                  = 10                                        {product} {ergonomic}
   size_t G1HeapRegionSize                         = 2097152                                   {product} {ergonomic}
    uintx GCDrainStackTargetSize                   = 64                                        {product} {ergonomic}
   size_t InitialHeapSize                          = 268435456                                 {product} {ergonomic}
   size_t MarkStackSize                            = 4194304                                   {product} {ergonomic}
   size_t MaxHeapSize                              = 4278190080                                {product} {ergonomic}
   size_t MaxNewSize                               = 2566914048                                {product} {ergonomic}
   size_t MinHeapDeltaBytes                        = 2097152                                   {product} {ergonomic}
   size_t MinHeapSize                              = 8388608                                   {product} {ergonomic}
    uintx NonNMethodCodeHeapSize                   = 5839372                                {pd product} {ergonomic}
    uintx NonProfiledCodeHeapSize                  = 122909434                              {pd product} {ergonomic}
    uintx ProfiledCodeHeapSize                     = 122909434                              {pd product} {ergonomic}
    uintx ReservedCodeCacheSize                    = 251658240                              {pd product} {ergonomic}
     bool SegmentedCodeCache                       = true                                      {product} {ergonomic}
   size_t SoftMaxHeapSize                          = 4278190080                             {manageable} {ergonomic}
     bool UseCompressedOops                        = true                           {product lp64_product} {ergonomic}
     bool UseG1GC                                  = true                                      {product} {ergonomic}
     bool UseLargePagesIndividualAllocation        = false                                  {pd product} {ergonomic}

Logging:
Log output configuration:
 #0: stdout all=warning uptime,level,tags foldmultilines=false
 #1: stderr all=off uptime,level,tags foldmultilines=false

Environment Variables:
JAVA_HOME=C:\Users\jmuni\AppData\Local\Programs\Eclipse Adoptium\jdk-21.0.6.7-hotspot\
PATH=C:\Program Files (x86)\Common Files\Oracle\Java\java8path;C:\Program Files (x86)\Common Files\Oracle\Java\javapath;C:\WINDOWS\system32;C:\WINDOWS;C:\WINDOWS\System32\Wbem;C:\WINDOWS\System32\WindowsPowerShell\v1.0\;C:\WINDOWS\System32\OpenSSH\;D:\Git\cmd;C:\Users\jmuni\AppData\Local\Programs\Eclipse Adoptium\jdk-21.0.6.7-hotspot\bin;C:\Users\jmuni\AppData\Local\Microsoft\WindowsApps;
USERNAME=jmuni
OS=Windows_NT
PROCESSOR_IDENTIFIER=Intel64 Family 6 Model 158 Stepping 10, GenuineIntel
TMP=C:\Users\jmuni\AppData\Local\Temp
TEMP=C:\Users\jmuni\AppData\Local\Temp




Periodic native trim disabled

JNI global refs:
JNI global refs: 13, weak refs: 16

JNI global refs memory usage: 835, weak refs: 833

Process memory usage:
Resident Set Size: 408476K (2% of 16709792K total physical memory with 412360K free physical memory)

OOME stack traces (most recent first):
Classloader memory used:
Loader jdk.internal.loader.ClassLoaders$AppClassLoader                                 : 60062K
Loader bootstrap                                                                       : 11114K
Loader java.net.URLClassLoader                                                         : 179K

---------------  S Y S T E M  ---------------

OS:
 Windows 10 , 64 bit Build 19041 (10.0.19041.5678)
OS uptime: 0 days 23:18 hours

CPU: total 12 (initial active 12) (6 cores per cpu, 2 threads per core) family 6 model 158 stepping 10 microcode 0xf0, cx8, cmov, fxsr, ht, mmx, 3dnowpref, sse, sse2, sse3, ssse3, sse4.1, sse4.2, popcnt, lzcnt, tsc, tscinvbit, avx, avx2, aes, erms, clmul, bmi1, bmi2, rtm, adx, fma, vzeroupper, clflush, clflushopt, rdtscp, f16c
Processor Information for all 12 processors :
  Max Mhz: 3192, Current Mhz: 3192, Mhz Limit: 3192

Memory: 4k page, system-wide physical 16318M (405M free)
TotalPageFile size 30620M (AvailPageFile size 3M)
current process WorkingSet (physical memory assigned to process): 400M, peak: 400M
current process commit charge ("private bytes"): 439M, peak: 441M

vm_info: OpenJDK 64-Bit Server VM (21.0.5+-13047016-b750.29) for windows-amd64 JRE (21.0.5+-13047016-b750.29), built on 2025-02-11T21:12:39Z by "builder" with MS VC++ 16.10 / 16.11 (VS2019)

END.
