#
# There is insufficient memory for the Java Runtime Environment to continue.
# Native memory allocation (mmap) failed to map 268435456 bytes. Error detail: G1 virtual space
# Possible reasons:
#   The system is out of physical RAM or swap space
#   This process is running with CompressedOops enabled, and the Java Heap may be blocking the growth of the native heap
# Possible solutions:
#   Reduce memory load on the system
#   Increase physical memory or swap space
#   Check if swap backing store is full
#   Decrease Java heap size (-Xmx/-Xms)
#   Decrease number of Java threads
#   Decrease Java thread stack sizes (-Xss)
#   Set larger code cache with -XX:ReservedCodeCacheSize=
#   JVM is running with Zero Based Compressed Oops mode in which the Java heap is
#     placed in the first 32GB address space. The Java Heap base address is the
#     maximum limit for the native heap growth. Please use -XX:HeapBaseMinAddress
#     to set the Java Heap base and to place the Java Heap above 32GB virtual address.
# This output file may be truncated or incomplete.
#
#  Out of Memory Error (os_windows.cpp:3828), pid=16560, tid=3812
#
# JRE version:  (21.0.5) (build )
# Java VM: OpenJDK 64-Bit Server VM (21.0.5+-13047016-b750.29, mixed mode, sharing, tiered, compressed oops, compressed class ptrs, g1 gc, windows-amd64)
# No core dump will be written. Minidumps are not enabled by default on client versions of Windows
#

---------------  S U M M A R Y ------------

Command Line: org.jetbrains.kotlin.cli.jvm.K2JVMCompiler @C:\Users\jmuni\StudioProjects\app\app\build\20250507_16116143595364653037.compiler.options

Host: Intel(R) Core(TM) i7-8700 CPU @ 3.20GHz, 12 cores, 15G,  Windows 10 , 64 bit Build 19041 (10.0.19041.5678)
Time: Wed May  7 09:35:55 2025 E. South America Standard Time elapsed time: 0.007413 seconds (0d 0h 0m 0s)

---------------  T H R E A D  ---------------

Current thread (0x00000274a051d380):  JavaThread "Unknown thread" [_thread_in_vm, id=3812, stack(0x000000db2cf00000,0x000000db2d000000) (1024K)]

Stack: [0x000000db2cf00000,0x000000db2d000000]
Native frames: (J=compiled Java code, j=interpreted, Vv=VM code, C=native code)
V  [jvm.dll+0x6cfb29]
V  [jvm.dll+0x85df93]
V  [jvm.dll+0x8604ee]
V  [jvm.dll+0x860bd3]
V  [jvm.dll+0x27e6b6]
V  [jvm.dll+0x6cc385]
V  [jvm.dll+0x6c078a]
V  [jvm.dll+0x35525b]
V  [jvm.dll+0x35ceb6]
V  [jvm.dll+0x3aedd6]
V  [jvm.dll+0x3af0a8]
V  [jvm.dll+0x32792c]
V  [jvm.dll+0x32861b]
V  [jvm.dll+0x8259d9]
V  [jvm.dll+0x3bbfa8]
V  [jvm.dll+0x80ec88]
V  [jvm.dll+0x45015e]
V  [jvm.dll+0x4518c1]
C  [jli.dll+0x52ab]
C  [ucrtbase.dll+0x21bb2]
C  [KERNEL32.DLL+0x17374]
C  [ntdll.dll+0x4cc91]


---------------  P R O C E S S  ---------------

Threads class SMR info:
_java_thread_list=0x00007ff852f40808, length=0, elements={
}

Java Threads: ( => current thread )
Total: 0

Other Threads:
  0x00000274a2712010 WorkerThread "GC Thread#0"                     [id=3020, stack(0x000000db2d000000,0x000000db2d100000) (1024K)]
  0x00000274a2724790 ConcurrentGCThread "G1 Main Marker"            [id=3956, stack(0x000000db2d100000,0x000000db2d200000) (1024K)]
  0x00000274a27259b0 WorkerThread "G1 Conc#0"                       [id=18384, stack(0x000000db2d200000,0x000000db2d300000) (1024K)]

[error occurred during error reporting (printing all threads), id 0xc0000005, EXCEPTION_ACCESS_VIOLATION (0xc0000005) at pc=0x00007ff85273a967]
VM state: not at safepoint (not fully initialized)

VM Mutex/Monitor currently owned by a thread:  ([mutex/lock_event])
[0x00007ff852fad460] Heap_lock - owner thread: 0x00000274a051d380

Heap address: 0x0000000701000000, size: 4080 MB, Compressed Oops mode: Zero based, Oop shift amount: 3

CDS archive(s) mapped at: [0x0000000000000000-0x0000000000000000-0x0000000000000000), size 0, SharedBaseAddress: 0x0000000800000000, ArchiveRelocationMode: 1.
Narrow klass base: 0x0000000000000000, Narrow klass shift: 0, Narrow klass range: 0x0

GC Precious Log:
 CardTable entry size: 512
 Card Set container configuration: InlinePtr #cards 4 size 8 Array Of Cards #cards 16 size 48 Howl #buckets 8 coarsen threshold 3686 Howl Bitmap #cards 512 size 80 coarsen threshold 460 Card regions per heap region 1 cards per card region 4096

Heap:
 garbage-first heap   total 0K, used 0K [0x0000000701000000, 0x0000000800000000)
  region size 2048K, 0 young (0K), 0 survivors (0K)
 Metaspace       used 0K, committed 0K, reserved 0K
  class space    used 0K, committed 0K, reserved 0K

Heap Regions: E=young(eden), S=young(survivor), O=old, HS=humongous(starts), HC=humongous(continues), CS=collection set, F=free, TAMS=top-at-mark-start, PB=parsable bottom

Card table byte_map: [0x00000274b5570000,0x00000274b5d70000] _byte_map_base: 0x00000274b1d68000

Marking Bits: (CMBitMap*) 0x00000274a2713630
 Bits: [0x00000274b5d70000, 0x00000274b9d30000)

GC Heap History (0 events):
No events

Dll operation events (1 events):
Event: 0.004 Loaded shared library C:\Program Files\Android\Android Studio\jbr\bin\java.dll

Deoptimization events (0 events):
No events

Classes loaded (0 events):
No events

Classes unloaded (0 events):
No events

Classes redefined (0 events):
No events

Internal exceptions (0 events):
No events

ZGC Phase Switch (0 events):
No events

VM Operations (0 events):
No events

Memory protections (0 events):
No events

Nmethod flushes (0 events):
No events

Events (0 events):
No events


Dynamic libraries:
0x00007ff62cfc0000 - 0x00007ff62cfca000 	C:\Program Files\Android\Android Studio\jbr\bin\java.exe
0x00007ff8be4b0000 - 0x00007ff8be6a8000 	C:\WINDOWS\SYSTEM32\ntdll.dll
0x00007ff8be3a0000 - 0x00007ff8be462000 	C:\WINDOWS\System32\KERNEL32.DLL
0x00007ff8bc1d0000 - 0x00007ff8bc4c6000 	C:\WINDOWS\System32\KERNELBASE.dll
0x00007ff8bc0d0000 - 0x00007ff8bc1d0000 	C:\WINDOWS\System32\ucrtbase.dll
0x00007ff8b90c0000 - 0x00007ff8b90d8000 	C:\Program Files\Android\Android Studio\jbr\bin\jli.dll
0x00007ff8af930000 - 0x00007ff8af94b000 	C:\Program Files\Android\Android Studio\jbr\bin\VCRUNTIME140.dll
0x00007ff8bd960000 - 0x00007ff8bdafd000 	C:\WINDOWS\System32\USER32.dll
0x00007ff8bbe20000 - 0x00007ff8bbe42000 	C:\WINDOWS\System32\win32u.dll
0x00007ff8afbe0000 - 0x00007ff8afe7a000 	C:\WINDOWS\WinSxS\amd64_microsoft.windows.common-controls_6595b64144ccf1df_6.0.19041.4355_none_60b8b9eb71f62e16\COMCTL32.dll
0x00007ff8bdd30000 - 0x00007ff8bdd5b000 	C:\WINDOWS\System32\GDI32.dll
0x00007ff8bd8c0000 - 0x00007ff8bd95e000 	C:\WINDOWS\System32\msvcrt.dll
0x00007ff8bbb90000 - 0x00007ff8bbcaa000 	C:\WINDOWS\System32\gdi32full.dll
0x00007ff8bc030000 - 0x00007ff8bc0cd000 	C:\WINDOWS\System32\msvcp_win.dll
0x00007ff8be0c0000 - 0x00007ff8be0ef000 	C:\WINDOWS\System32\IMM32.DLL
0x00007ff8b5c20000 - 0x00007ff8b5c2c000 	C:\Program Files\Android\Android Studio\jbr\bin\vcruntime140_1.dll
0x00007ff8a1ab0000 - 0x00007ff8a1b3d000 	C:\Program Files\Android\Android Studio\jbr\bin\msvcp140.dll
0x00007ff852400000 - 0x00007ff85308a000 	C:\Program Files\Android\Android Studio\jbr\bin\server\jvm.dll
0x00007ff8bcf90000 - 0x00007ff8bd03f000 	C:\WINDOWS\System32\ADVAPI32.dll
0x00007ff8bddd0000 - 0x00007ff8bde6f000 	C:\WINDOWS\System32\sechost.dll
0x00007ff8bdb90000 - 0x00007ff8bdcb3000 	C:\WINDOWS\System32\RPCRT4.dll
0x00007ff8bbd40000 - 0x00007ff8bbd67000 	C:\WINDOWS\System32\bcrypt.dll
0x00007ff8bded0000 - 0x00007ff8bdf3b000 	C:\WINDOWS\System32\WS2_32.dll
0x00007ff8bb1d0000 - 0x00007ff8bb21b000 	C:\WINDOWS\SYSTEM32\POWRPROF.dll
0x00007ff8aa0f0000 - 0x00007ff8aa117000 	C:\WINDOWS\SYSTEM32\WINMM.dll
0x00007ff8b2ff0000 - 0x00007ff8b2ffa000 	C:\WINDOWS\SYSTEM32\VERSION.dll
0x00007ff8bb0c0000 - 0x00007ff8bb0d2000 	C:\WINDOWS\SYSTEM32\UMPDC.dll
0x00007ff8b9900000 - 0x00007ff8b9912000 	C:\WINDOWS\SYSTEM32\kernel.appcore.dll
0x00007ff8af920000 - 0x00007ff8af92a000 	C:\Program Files\Android\Android Studio\jbr\bin\jimage.dll
0x00007ff8a97b0000 - 0x00007ff8a9994000 	C:\WINDOWS\SYSTEM32\DBGHELP.DLL
0x00007ff8a0640000 - 0x00007ff8a0674000 	C:\WINDOWS\SYSTEM32\dbgcore.DLL
0x00007ff8bbcb0000 - 0x00007ff8bbd32000 	C:\WINDOWS\System32\bcryptPrimitives.dll
0x00007ff8af900000 - 0x00007ff8af920000 	C:\Program Files\Android\Android Studio\jbr\bin\java.dll

dbghelp: loaded successfully - version: 4.0.5 - missing functions: none
symbol engine: initialized successfully - sym options: 0x614 - pdb path: .;C:\Program Files\Android\Android Studio\jbr\bin;C:\WINDOWS\SYSTEM32;C:\WINDOWS\WinSxS\amd64_microsoft.windows.common-controls_6595b64144ccf1df_6.0.19041.4355_none_60b8b9eb71f62e16;C:\Program Files\Android\Android Studio\jbr\bin\server

VM Arguments:
java_command: org.jetbrains.kotlin.cli.jvm.K2JVMCompiler @C:\Users\jmuni\StudioProjects\app\app\build\20250507_16116143595364653037.compiler.options
java_class_path (initial): C:\Users\jmuni\.gradle\caches\modules-2\files-2.1\org.jetbrains.kotlin\kotlin-compiler-embeddable\2.0.21\79346ed53db48b18312a472602eb5c057070c54d\kotlin-compiler-embeddable-2.0.21.jar;C:\Users\jmuni\.gradle\caches\modules-2\files-2.1\org.jetbrains.kotlin\kotlin-stdlib\2.0.21\618b539767b4899b4660a83006e052b63f1db551\kotlin-stdlib-2.0.21.jar;C:\Users\jmuni\.gradle\caches\modules-2\files-2.1\org.jetbrains.kotlin\kotlin-script-runtime\2.0.21\c9b044380ad41f89aa89aa896c2d32a8c0b2129d\kotlin-script-runtime-2.0.21.jar;C:\Users\jmuni\.gradle\caches\modules-2\files-2.1\org.jetbrains.kotlin\kotlin-reflect\1.6.10\1cbe9c92c12a94eea200d23c2bbaedaf3daf5132\kotlin-reflect-1.6.10.jar;C:\Users\jmuni\.gradle\caches\modules-2\files-2.1\org.jetbrains.kotlin\kotlin-daemon-embeddable\2.0.21\c9e933b23287de9b5a17e2116b4657bb91aea72c\kotlin-daemon-embeddable-2.0.21.jar;C:\Users\jmuni\.gradle\caches\modules-2\files-2.1\org.jetbrains.intellij.deps\trove4j\1.0.20200330\3afb14d5f9ceb459d724e907a21145e8ff394f02\trove4j-1.0.20200330.jar;C:\Users\jmuni\.gradle\caches\modules-2\files-2.1\org.jetbrains.kotlinx\kotlinx-coroutines-core-jvm\1.6.4\2c997cd1c0ef33f3e751d3831929aeff1390cb30\kotlinx-coroutines-core-jvm-1.6.4.jar;C:\Users\jmuni\.gradle\caches\modules-2\files-2.1\org.jetbrains\annotations\13.0\919f0dfe192fb4e063e7dacadee7f8bb9a2672a9\annotations-13.0.jar
Launcher Type: SUN_STANDARD

[Global flags]
     intx CICompilerCount                          = 4                                         {product} {ergonomic}
     uint ConcGCThreads                            = 3                                         {product} {ergonomic}
     uint G1ConcRefinementThreads                  = 10                                        {product} {ergonomic}
   size_t G1HeapRegionSize                         = 2097152                                   {product} {ergonomic}
    uintx GCDrainStackTargetSize                   = 64                                        {product} {ergonomic}
   size_t InitialHeapSize                          = 268435456                                 {product} {ergonomic}
   size_t MarkStackSize                            = 4194304                                   {product} {ergonomic}
   size_t MaxHeapSize                              = 4278190080                                {product} {ergonomic}
   size_t MinHeapDeltaBytes                        = 2097152                                   {product} {ergonomic}
   size_t MinHeapSize                              = 8388608                                   {product} {ergonomic}
    uintx NonNMethodCodeHeapSize                   = 5839372                                {pd product} {ergonomic}
    uintx NonProfiledCodeHeapSize                  = 122909434                              {pd product} {ergonomic}
    uintx ProfiledCodeHeapSize                     = 122909434                              {pd product} {ergonomic}
    uintx ReservedCodeCacheSize                    = 251658240                              {pd product} {ergonomic}
     bool SegmentedCodeCache                       = true                                      {product} {ergonomic}
   size_t SoftMaxHeapSize                          = 4278190080                             {manageable} {ergonomic}
     bool UseCompressedOops                        = true                           {product lp64_product} {ergonomic}
     bool UseG1GC                                  = true                                      {product} {ergonomic}
     bool UseLargePagesIndividualAllocation        = false                                  {pd product} {ergonomic}

Logging:
Log output configuration:
 #0: stdout all=warning uptime,level,tags foldmultilines=false
 #1: stderr all=off uptime,level,tags foldmultilines=false

Environment Variables:
JAVA_HOME=C:\Users\jmuni\AppData\Local\Programs\Eclipse Adoptium\jdk-21.0.6.7-hotspot\
PATH=C:\Program Files (x86)\Common Files\Oracle\Java\java8path;C:\Program Files (x86)\Common Files\Oracle\Java\javapath;C:\WINDOWS\system32;C:\WINDOWS;C:\WINDOWS\System32\Wbem;C:\WINDOWS\System32\WindowsPowerShell\v1.0\;C:\WINDOWS\System32\OpenSSH\;D:\Git\cmd;C:\Users\jmuni\AppData\Local\Programs\Eclipse Adoptium\jdk-21.0.6.7-hotspot\bin;C:\Users\jmuni\AppData\Local\Microsoft\WindowsApps;
USERNAME=jmuni
OS=Windows_NT
PROCESSOR_IDENTIFIER=Intel64 Family 6 Model 158 Stepping 10, GenuineIntel
TMP=C:\Users\jmuni\AppData\Local\Temp
TEMP=C:\Users\jmuni\AppData\Local\Temp




Periodic native trim disabled

JNI global refs:
JNI global refs: 0, weak refs: 0

JNI global refs memory usage: 0, weak refs: 0

Process memory usage:
Resident Set Size: 10864K (0% of 16709792K total physical memory with 448480K free physical memory)

OOME stack traces (most recent first):
Classloader memory used:

---------------  S Y S T E M  ---------------

OS:
 Windows 10 , 64 bit Build 19041 (10.0.19041.5678)
OS uptime: 0 days 23:18 hours

CPU: total 12 (initial active 12) (6 cores per cpu, 2 threads per core) family 6 model 158 stepping 10 microcode 0xf0, cx8, cmov, fxsr, ht, mmx, 3dnowpref, sse, sse2, sse3, ssse3, sse4.1, sse4.2, popcnt, lzcnt, tsc, tscinvbit, avx, avx2, aes, erms, clmul, bmi1, bmi2, rtm, adx, fma, vzeroupper, clflush, clflushopt, rdtscp, f16c
Processor Information for all 12 processors :
  Max Mhz: 3192, Current Mhz: 3192, Mhz Limit: 3192

Memory: 4k page, system-wide physical 16318M (437M free)
TotalPageFile size 30620M (AvailPageFile size 30M)
current process WorkingSet (physical memory assigned to process): 10M, peak: 10M
current process commit charge ("private bytes"): 64M, peak: 320M

vm_info: OpenJDK 64-Bit Server VM (21.0.5+-13047016-b750.29) for windows-amd64 JRE (21.0.5+-13047016-b750.29), built on 2025-02-11T21:12:39Z by "builder" with MS VC++ 16.10 / 16.11 (VS2019)

END.
